<?xml version="1.0" encoding="UTF-8"?>
<!-- Generated by org.testng.reporters.JUnitReportReporter -->
<testsuite hostname="Biljana" name="selenium.SeleniumTest" tests="1" failures="0" timestamp="9 Jul 2013 10:02:37 GMT" time="12.941" errors="0">
  <testcase name="testT" time="12.941" classname="selenium.SeleniumTest"/>
</testsuite> <!-- selenium.SeleniumTest -->
