<?xml version="1.0" encoding="UTF-8"?>
<!-- Generated by org.testng.reporters.JUnitReportReporter -->
<testsuite hostname="Biljana" name="selenium.AjaxSeleniumTest" tests="1" failures="0" timestamp="11 Jul 2013 01:46:24 GMT" time="12.442" errors="0">
  <testcase name="testAjaxTestCase1" time="12.442" classname="selenium.AjaxSeleniumTest"/>
</testsuite> <!-- selenium.AjaxSeleniumTest -->
